[2022-09-18T11:48:32.237589+00:00] blog.INFO: Create user command started [] []
[2022-09-18T11:48:32.320015+00:00] blog.INFO: User created: user123@mal.com [] []
[2022-09-18T11:49:56.083009+00:00] blog.INFO: Create user command started [] []
[2022-09-18T11:50:27.535736+00:00] blog.INFO: Create user command started [] []
[2022-09-18T11:50:27.556698+00:00] blog.INFO: User created: user456@mal.com [] []
[2022-09-18T12:06:35.132456+00:00] blog.INFO: Create user command started [] []
[2022-09-18T12:06:35.162089+00:00] blog.ERROR: User already exists: user456@mal.com {"exception":"[object] (App\\Exceptions\\CommandException(code: 0): User already exists: user456@mal.com at C:\\Users\\Romanova\\Documents\\10. PHP\\php2\\src\\Blog\\Commands\\CreateUserCommand.php:29)"} []
[2022-09-18T12:12:35.128478+00:00] blog.INFO: Create user command started [] []
[2022-09-18T12:16:32.162295+00:00] blog.INFO: Create user command started [] []
[2022-09-18T12:16:32.243359+00:00] blog.WARNING: User already exists: user456@mal.com [] []
[2022-09-18T12:27:32.197477+00:00] blog.INFO: Create user command started [] []
[2022-09-18T12:29:00.678774+00:00] blog.INFO: Post created: nice day [] []
[2022-09-18T12:46:44.700534+00:00] blog.WARNING: Cannot get path from the request [] []
[2022-09-18T12:46:55.321605+00:00] blog.WARNING: Cannot get path from the request [] []
[2022-09-18T12:47:01.780560+00:00] blog.WARNING: Cannot get path from the request [] []
[2022-09-18T12:47:04.982432+00:00] blog.WARNING: Cannot get path from the request [] []
[2022-09-18T12:47:06.697887+00:00] blog.WARNING: Cannot get path from the request [] []
[2022-09-18T12:48:57.389842+00:00] blog.WARNING: Cannot get path from the request [] []
[2022-09-18T15:01:19.629325+00:00] blog.INFO: Post created:Happy Halloween [] []
[2022-09-18T17:35:43.818493+00:00] blog.INFO: Comment 1 liked [] []
[2022-09-18T17:45:50.156199+00:00] blog.INFO: Post 29 liked by user 2 [] []
[2022-09-19T10:27:50.737079+00:00] blog.INFO: Post with id 40 deleted [] []
[2022-09-19T10:28:00.721889+00:00] blog.INFO: Post with id 2 deleted [] []
[2022-09-19T10:28:40.748139+00:00] blog.INFO: Post with id 3 deleted [] []
[2022-09-19T17:32:59.171695+00:00] blog.INFO: User search handler started at19.09.22 17:0:th [] []
[2022-09-19T17:32:59.226955+00:00] blog.WARNING: User with email:"exmple@mail.com" not found [] []
[2022-09-19T17:45:11.858738+00:00] blog.DEBUG: User search handler started at 19.09.22 17:45:11 [] []
[2022-09-19T17:45:11.879587+00:00] blog.WARNING: User with email:"exmple@mail.com" not found [] []
[2022-09-20T14:15:00.885428+00:00] blog.INFO: Create user command started [] []
[2022-09-20T14:17:59.415198+00:00] blog.INFO: Create user command started [] []
[2022-09-20T14:17:59.435785+00:00] blog.WARNING: User with email:hush@mail.com not found [] []
[2022-09-20T14:17:59.485547+00:00] blog.INFO: User with emailhush@mail.com added to database [] []
[2022-09-20T14:17:59.486121+00:00] blog.INFO: User created: hush@mail.com [] []
[2022-09-20T14:26:30.611874+00:00] blog.INFO: Post Riddle me this added by author 5 [] []
[2022-09-20T14:26:30.624480+00:00] blog.INFO: Post created:Riddle me this [] []
[2022-09-20T14:26:47.647775+00:00] blog.INFO: Post Riddle me this added by author 5 [] []
[2022-09-20T14:26:47.650900+00:00] blog.INFO: Post created:Riddle me this [] []
[2022-09-20T14:30:13.952488+00:00] blog.INFO: Post Riddle me this added by author 5 [] []
[2022-09-20T14:30:13.958745+00:00] blog.INFO: Post created:Riddle me this [] []
[2022-09-20T14:37:53.455678+00:00] blog.INFO: Post Riddle me this added by author 5 [] []
[2022-09-20T14:37:53.462018+00:00] blog.INFO: Post created:Riddle me this [] []
[2022-09-21T14:07:40.772206+00:00] blog.INFO: Create user command started [] []
[2022-09-21T14:07:40.778283+00:00] blog.WARNING: User with email:cat@mail.com not found [] []
[2022-09-21T14:08:27.080510+00:00] blog.INFO: Create user command started [] []
[2022-09-21T14:08:27.085538+00:00] blog.WARNING: User with email:cat@mail.com not found [] []
[2022-09-21T14:09:57.540382+00:00] blog.INFO: Create user command started [] []
[2022-09-21T14:09:57.546058+00:00] blog.WARNING: User with email:cat@mail.com not found [] []
[2022-09-21T14:13:37.910091+00:00] blog.INFO: Create user command started [] []
[2022-09-21T14:13:37.919525+00:00] blog.WARNING: User with email:cat@mail.com not found [] []
[2022-09-21T14:13:37.954844+00:00] blog.INFO: User with emailcat@mail.com added to database [] []
[2022-09-21T14:13:37.956531+00:00] blog.INFO: User created: cat@mail.com [] []
[2022-09-21T14:13:37.958677+00:00] blog.INFO: User created : 6 [] []
[2022-09-21T14:48:39.091478+00:00] blog.INFO: Create user command started [] []
[2022-09-21T14:48:39.100769+00:00] blog.WARNING: User with email:iceberg@mail.com not found [] []
[2022-09-21T14:48:39.138509+00:00] blog.INFO: User with emailiceberg@mail.com added to database [] []
[2022-09-21T14:48:39.139827+00:00] blog.INFO: User created: iceberg@mail.com [] []
[2022-09-21T14:48:39.142019+00:00] blog.INFO: User created : 7 [] []
[2022-09-21T14:58:40.943950+00:00] blog.INFO: Create user command started [] []
[2022-09-21T14:58:40.951162+00:00] blog.WARNING: User with email:riddle@mail.com not found [] []
[2022-09-21T14:58:40.971854+00:00] blog.INFO: User with emailriddle@mail.com added to database [] []
[2022-09-21T14:58:40.973078+00:00] blog.INFO: User created: riddle@mail.com [] []
[2022-09-21T14:58:40.975135+00:00] blog.INFO: User created : 8 [] []
[2022-09-21T15:40:38.860854+00:00] blog.INFO: Create user command started [] []
[2022-09-21T15:40:38.870808+00:00] blog.WARNING: User already exists: riddle@mail.com [] []
[2022-09-21T15:40:38.872567+00:00] blog.INFO: User created : 8 [] []
[2022-09-21T15:41:57.265157+00:00] blog.INFO: Create user command started [] []
[2022-09-21T15:41:57.269519+00:00] blog.WARNING: User with email:kite@mail.com not found [] []
[2022-09-21T15:41:57.290788+00:00] blog.INFO: User with emailkite@mail.com added to database [] []
[2022-09-21T15:41:57.291130+00:00] blog.INFO: User created: kite@mail.com [] []
[2022-09-21T15:41:57.292139+00:00] blog.INFO: User created : 9 [] []
[2022-09-21T15:43:59.791548+00:00] blog.INFO: Post Duck Knight Returns added by author 5 [] []
[2022-09-21T15:43:59.795367+00:00] blog.INFO: Post created:Duck Knight Returns [] []
[2022-09-21T20:47:41.213353+00:00] blog.INFO: Post some title added by author 5 [] []
[2022-09-21T20:47:41.219485+00:00] blog.INFO: Post created:some title [] []
[2022-09-21T20:49:40.510648+00:00] blog.INFO: Create user command started [] []
[2022-09-21T20:49:40.515753+00:00] blog.WARNING: User with email:suicide@squad.com not found [] []
[2022-09-21T20:49:40.535287+00:00] blog.INFO: User with emailsuicide@squad.com added to database [] []
[2022-09-21T20:49:40.535617+00:00] blog.INFO: User created: suicide@squad.com [] []
[2022-09-21T20:49:40.539275+00:00] blog.INFO: User created : 10 [] []
[2022-09-22T09:27:56.631431+00:00] blog.WARNING: Post with id:11 not found [] []
[2022-09-22T09:28:16.161824+00:00] blog.WARNING: Post with id:10 not found [] []
[2022-09-22T09:28:52.741088+00:00] blog.INFO: Comment to 53 added by user 5 [] []
[2022-09-22T09:37:26.222208+00:00] blog.INFO: Post Killing joke added by author 5 [] []
[2022-09-22T09:37:26.228483+00:00] blog.INFO: Post created:Killing joke [] []
[2022-09-22T09:39:23.246015+00:00] blog.INFO: Comment to 54 added by user 5 [] []
[2022-09-22T09:42:16.212640+00:00] blog.INFO: Comment to 54 added by user 5 [] []
[2022-09-22T09:43:05.992424+00:00] blog.INFO: Post Iceberg Lounge added by author 5 [] []
[2022-09-22T09:43:05.995936+00:00] blog.INFO: Post created:Iceberg Lounge [] []
[2022-09-22T09:58:41.470936+00:00] blog.INFO: Post 54 liked by user 5 [] []
[2022-09-22T10:21:14.124994+00:00] blog.NOTICE: Route not found: POST /posts/delete [] []
[2022-09-22T10:23:38.378837+00:00] blog.WARNING: Post with id:1 not found [] []
[2022-09-22T10:32:42.524194+00:00] blog.INFO: Post with id 45 deleted [] []
[2022-09-22T10:32:57.123996+00:00] blog.WARNING: Post with id:45 not found [] []
